<?xml version="1.0" encoding="UTF-8"?>
<testng-results ignored="0" total="1" passed="1" failed="0" skipped="0">
  <reporter-output>
  </reporter-output>
  <suite started-at="2024-05-09T21:47:44 IST" name="Default suite" finished-at="2024-05-09T21:48:31 IST" duration-ms="47209">
    <groups>
    </groups>
    <test started-at="2024-05-09T21:47:44 IST" name="Default test" finished-at="2024-05-09T21:48:31 IST" duration-ms="47209">
      <class name="Testing.test">
        <test-method signature="loginTest()[pri:0, instance:Testing.test@29215f06]" started-at="2024-05-09T21:47:44 IST" name="loginTest" finished-at="2024-05-09T21:48:31 IST" duration-ms="47127" status="PASS">
          <reporter-output>
          </reporter-output>
        </test-method> <!-- loginTest -->
      </class> <!-- Testing.test -->
    </test> <!-- Default test -->
  </suite> <!-- Default suite -->
</testng-results>
